<?xml version="1.0" encoding="UTF-8"?>
<robot generator="Robot 5.0.1 (Python 3.8.10 on linux)" generated="20220923 01:28:50.373" rpa="false" schemaversion="3">
<suite id="s1" name="Test-Barrier-Error" source="/home/tan/Desktop/QA-robot-assigment/Assignment-4/test-barrier-error.robot">
<test id="s1-t1" name="Login To Deriv" line="14">
<kw name="Login To Deriv Key" library="keywords-login">
<kw name="Open Browser" library="SeleniumLibrary">
<arg>https://app.deriv.com/</arg>
<arg>chrome</arg>
<doc>Opens a new browser instance to the optional ``url``.</doc>
<msg timestamp="20220923 01:28:50.481" level="INFO">Opening browser 'chrome' to base url 'https://app.deriv.com/'.</msg>
<status status="PASS" starttime="20220923 01:28:50.481" endtime="20220923 01:28:54.761"/>
</kw>
<kw name="Maximize Browser Window" library="SeleniumLibrary">
<doc>Maximizes current browser window.</doc>
<status status="PASS" starttime="20220923 01:28:54.761" endtime="20220923 01:28:54.992"/>
</kw>
<kw name="Set Selenium Speed" library="SeleniumLibrary">
<arg>0.05</arg>
<doc>Sets the delay that is waited after each Selenium command.</doc>
<status status="PASS" starttime="20220923 01:28:54.992" endtime="20220923 01:28:54.993"/>
</kw>
<kw name="Wait Until Page Does Not Contain Element" library="SeleniumLibrary">
<arg>${loading_interface}</arg>
<arg>30</arg>
<doc>Waits until the element ``locator`` disappears from the current page.</doc>
<status status="PASS" starttime="20220923 01:28:54.993" endtime="20220923 01:28:56.540"/>
</kw>
<kw name="Click Element" library="SeleniumLibrary">
<arg>${login_button}</arg>
<doc>Click the element identified by ``locator``.</doc>
<msg timestamp="20220923 01:28:56.541" level="INFO">Clicking element '//button[@id='dt_login_button']'.</msg>
<status status="PASS" starttime="20220923 01:28:56.541" endtime="20220923 01:28:59.557"/>
</kw>
<kw name="Wait Until Page Contains Element" library="SeleniumLibrary">
<arg>${email_input}</arg>
<arg>30</arg>
<doc>Waits until the element ``locator`` appears on the current page.</doc>
<status status="PASS" starttime="20220923 01:28:59.557" endtime="20220923 01:28:59.624"/>
</kw>
<kw name="Input Text" library="SeleniumLibrary">
<arg>${email_input}</arg>
<arg>weng.onn@besquare.com.my</arg>
<doc>Types the given ``text`` into the text field identified by ``locator``.</doc>
<msg timestamp="20220923 01:28:59.625" level="INFO">Typing text 'weng.onn@besquare.com.my' into text field '//input[@type='email']'.</msg>
<status status="PASS" starttime="20220923 01:28:59.624" endtime="20220923 01:28:59.892"/>
</kw>
<kw name="Input Text" library="SeleniumLibrary">
<arg>//input[@type='password']</arg>
<arg>Test12345</arg>
<doc>Types the given ``text`` into the text field identified by ``locator``.</doc>
<msg timestamp="20220923 01:28:59.893" level="INFO">Typing text 'Test12345' into text field '//input[@type='password']'.</msg>
<status status="PASS" starttime="20220923 01:28:59.892" endtime="20220923 01:29:00.212"/>
</kw>
<kw name="Click Element" library="SeleniumLibrary">
<arg>//button[@type='submit']</arg>
<doc>Click the element identified by ``locator``.</doc>
<msg timestamp="20220923 01:29:00.212" level="INFO">Clicking element '//button[@type='submit']'.</msg>
<status status="PASS" starttime="20220923 01:29:00.212" endtime="20220923 01:29:02.427"/>
</kw>
<status status="PASS" starttime="20220923 01:28:50.480" endtime="20220923 01:29:02.428"/>
</kw>
<status status="PASS" starttime="20220923 01:28:50.480" endtime="20220923 01:29:02.428"/>
</test>
<test id="s1-t2" name="Validate Real Account" line="17">
<kw name="Validate Real Account Key" library="keywords-login">
<kw name="Wait Until Page Does Not Contain Element" library="SeleniumLibrary">
<arg>${loading_interface}</arg>
<arg>30</arg>
<doc>Waits until the element ``locator`` disappears from the current page.</doc>
<status status="PASS" starttime="20220923 01:29:02.429" endtime="20220923 01:29:05.710"/>
</kw>
<kw name="Click Element" library="SeleniumLibrary">
<arg>dt_core_account-info_acc-info</arg>
<doc>Click the element identified by ``locator``.</doc>
<msg timestamp="20220923 01:29:05.711" level="INFO">Clicking element 'dt_core_account-info_acc-info'.</msg>
<status status="PASS" starttime="20220923 01:29:05.710" endtime="20220923 01:29:05.924"/>
</kw>
<kw name="Page Should Contain Element" library="SeleniumLibrary">
<arg>//div[contains(@id,"dt_CR")]</arg>
<doc>Verifies that element ``locator`` is found on the current page.</doc>
<msg timestamp="20220923 01:29:05.997" level="INFO">Current page contains element '//div[contains(@id,"dt_CR")]'.</msg>
<status status="PASS" starttime="20220923 01:29:05.924" endtime="20220923 01:29:05.997"/>
</kw>
<status status="PASS" starttime="20220923 01:29:02.429" endtime="20220923 01:29:05.997"/>
</kw>
<status status="PASS" starttime="20220923 01:29:02.429" endtime="20220923 01:29:05.997"/>
</test>
<test id="s1-t3" name="Navigate To Virtual Account" line="20">
<kw name="Navigate To Virtual Account Key" library="keywords-login">
<kw name="Click Element" library="SeleniumLibrary">
<arg>dt_core_account-switcher_demo-tab</arg>
<doc>Click the element identified by ``locator``.</doc>
<msg timestamp="20220923 01:29:06.000" level="INFO">Clicking element 'dt_core_account-switcher_demo-tab'.</msg>
<status status="PASS" starttime="20220923 01:29:06.000" endtime="20220923 01:29:06.221"/>
</kw>
<kw name="Page Should Contain Element" library="SeleniumLibrary">
<arg>//div[contains(@id,"dt_VR")]</arg>
<doc>Verifies that element ``locator`` is found on the current page.</doc>
<msg timestamp="20220923 01:29:06.311" level="INFO">Current page contains element '//div[contains(@id,"dt_VR")]'.</msg>
<status status="PASS" starttime="20220923 01:29:06.221" endtime="20220923 01:29:06.311"/>
</kw>
<kw name="Click Element" library="SeleniumLibrary">
<arg>//div[contains(@id,"dt_VR")]</arg>
<doc>Click the element identified by ``locator``.</doc>
<msg timestamp="20220923 01:29:06.311" level="INFO">Clicking element '//div[contains(@id,"dt_VR")]'.</msg>
<status status="PASS" starttime="20220923 01:29:06.311" endtime="20220923 01:29:06.740"/>
</kw>
<kw name="Wait Until Page Does Not Contain Element" library="SeleniumLibrary">
<arg>${loading_interface}</arg>
<arg>30</arg>
<doc>Waits until the element ``locator`` disappears from the current page.</doc>
<status status="PASS" starttime="20220923 01:29:06.740" endtime="20220923 01:29:11.881"/>
</kw>
<status status="PASS" starttime="20220923 01:29:05.999" endtime="20220923 01:29:11.881"/>
</kw>
<status status="PASS" starttime="20220923 01:29:05.998" endtime="20220923 01:29:11.881"/>
</test>
<test id="s1-t4" name="Navigate To Volatility 10" line="23">
<kw name="Open Market Type Dropdown" library="keywords-contract-config">
<kw name="Click Element" library="SeleniumLibrary">
<arg>//div[@class="cq-symbol-select-btn"]</arg>
<doc>Click the element identified by ``locator``.</doc>
<msg timestamp="20220923 01:29:11.883" level="INFO">Clicking element '//div[@class="cq-symbol-select-btn"]'.</msg>
<status status="PASS" starttime="20220923 01:29:11.883" endtime="20220923 01:29:12.059"/>
</kw>
<kw name="Wait Until Page Contains Element" library="SeleniumLibrary">
<arg>//div[@class='sc-mcd__filter__item sc-mcd__filter__item--selected']</arg>
<arg>30</arg>
<doc>Waits until the element ``locator`` appears on the current page.</doc>
<status status="PASS" starttime="20220923 01:29:12.060" endtime="20220923 01:29:12.432"/>
</kw>
<status status="PASS" starttime="20220923 01:29:11.882" endtime="20220923 01:29:12.433"/>
</kw>
<kw name="Click Element" library="SeleniumLibrary">
<arg>//div[contains(@class,'--frxAUDJPY')]</arg>
<doc>Click the element identified by ``locator``.</doc>
<msg timestamp="20220923 01:29:12.433" level="INFO">Clicking element '//div[contains(@class,'--frxAUDJPY')]'.</msg>
<status status="PASS" starttime="20220923 01:29:12.433" endtime="20220923 01:29:12.897"/>
</kw>
<status status="PASS" starttime="20220923 01:29:11.882" endtime="20220923 01:29:12.898"/>
</test>
<test id="s1-t5" name="Change Trade Type" line="27">
<kw name="Open Trade Type Dropdown" library="keywords-contract-config">
<kw name="Wait Until Page Contains Element" library="SeleniumLibrary">
<arg>${dt_contract_dropdown}</arg>
<arg>30</arg>
<doc>Waits until the element ``locator`` appears on the current page.</doc>
<status status="PASS" starttime="20220923 01:29:12.899" endtime="20220923 01:29:13.393"/>
</kw>
<kw name="Click Element" library="SeleniumLibrary">
<arg>${dt_contract_dropdown}</arg>
<doc>Click the element identified by ``locator``.</doc>
<msg timestamp="20220923 01:29:13.394" level="INFO">Clicking element '//div[@data-testid='dt_contract_dropdown']'.</msg>
<status status="PASS" starttime="20220923 01:29:13.393" endtime="20220923 01:29:13.537"/>
</kw>
<status status="PASS" starttime="20220923 01:29:12.899" endtime="20220923 01:29:13.537"/>
</kw>
<kw name="Click Element" library="SeleniumLibrary">
<arg>dt_contract_high_low_item</arg>
<doc>Click the element identified by ``locator``.</doc>
<msg timestamp="20220923 01:29:13.538" level="INFO">Clicking element 'dt_contract_high_low_item'.</msg>
<status status="PASS" starttime="20220923 01:29:13.538" endtime="20220923 01:29:13.978"/>
</kw>
<status status="PASS" starttime="20220923 01:29:12.898" endtime="20220923 01:29:13.978"/>
</test>
<test id="s1-t6" name="Change Duration Type" line="31">
<kw name="Click Element" library="SeleniumLibrary">
<arg>//button[@id='dc_duration_toggle_item']</arg>
<doc>Click the element identified by ``locator``.</doc>
<msg timestamp="20220923 01:29:13.979" level="INFO">Clicking element '//button[@id='dc_duration_toggle_item']'.</msg>
<status status="PASS" starttime="20220923 01:29:13.979" endtime="20220923 01:29:14.264"/>
</kw>
<status status="PASS" starttime="20220923 01:29:13.978" endtime="20220923 01:29:14.264"/>
</test>
<test id="s1-t7" name="Change Duration Days" line="34">
<kw name="Press Keys" library="SeleniumLibrary">
<arg>//input[@class='dc-input__field']</arg>
<arg>CTRL+a+DELETE</arg>
<doc>Simulates the user pressing key(s) to an element or on the active browser.</doc>
<msg timestamp="20220923 01:29:14.266" level="INFO">Sending key(s) ('CTRL+a+DELETE',) to //input[@class='dc-input__field'] element.</msg>
<msg timestamp="20220923 01:29:14.690" level="INFO">Pressing special key CONTROL down.</msg>
<msg timestamp="20220923 01:29:14.690" level="INFO">Sending key a</msg>
<msg timestamp="20220923 01:29:14.690" level="INFO">Pressing special key DELETE down.</msg>
<msg timestamp="20220923 01:29:14.690" level="INFO">Releasing special key CONTROL.</msg>
<msg timestamp="20220923 01:29:14.690" level="INFO">Releasing special key DELETE.</msg>
<status status="PASS" starttime="20220923 01:29:14.265" endtime="20220923 01:29:14.816"/>
</kw>
<kw name="Input Text" library="SeleniumLibrary">
<arg>//input[@class='dc-input__field']</arg>
<arg>${duration}</arg>
<doc>Types the given ``text`` into the text field identified by ``locator``.</doc>
<msg timestamp="20220923 01:29:14.817" level="INFO">Typing text '4' into text field '//input[@class='dc-input__field']'.</msg>
<status status="PASS" starttime="20220923 01:29:14.816" endtime="20220923 01:29:15.457"/>
</kw>
<status status="PASS" starttime="20220923 01:29:14.265" endtime="20220923 01:29:15.457"/>
</test>
<test id="s1-t8" name="Change To Payout" line="38">
<kw name="Click Button" library="SeleniumLibrary">
<arg>dc_payout_toggle_item</arg>
<doc>Clicks the button identified by ``locator``.</doc>
<msg timestamp="20220923 01:29:15.459" level="INFO">Clicking button 'dc_payout_toggle_item'.</msg>
<status status="PASS" starttime="20220923 01:29:15.459" endtime="20220923 01:29:16.118"/>
</kw>
<status status="PASS" starttime="20220923 01:29:15.458" endtime="20220923 01:29:16.118"/>
</test>
<test id="s1-t9" name="Change Barrier to -1" line="41">
<kw name="Press Keys" library="SeleniumLibrary">
<arg>//input[@id='dt_barrier_1_input']</arg>
<arg>CTRL+a+DELETE</arg>
<doc>Simulates the user pressing key(s) to an element or on the active browser.</doc>
<msg timestamp="20220923 01:29:16.120" level="INFO">Sending key(s) ('CTRL+a+DELETE',) to //input[@id='dt_barrier_1_input'] element.</msg>
<msg timestamp="20220923 01:29:16.542" level="INFO">Pressing special key CONTROL down.</msg>
<msg timestamp="20220923 01:29:16.542" level="INFO">Sending key a</msg>
<msg timestamp="20220923 01:29:16.542" level="INFO">Pressing special key DELETE down.</msg>
<msg timestamp="20220923 01:29:16.542" level="INFO">Releasing special key CONTROL.</msg>
<msg timestamp="20220923 01:29:16.542" level="INFO">Releasing special key DELETE.</msg>
<status status="PASS" starttime="20220923 01:29:16.119" endtime="20220923 01:29:16.631"/>
</kw>
<kw name="Input Text" library="SeleniumLibrary">
<arg>//input[@id='dt_barrier_1_input']</arg>
<arg>${barrier_value}</arg>
<doc>Types the given ``text`` into the text field identified by ``locator``.</doc>
<msg timestamp="20220923 01:29:16.632" level="INFO">Typing text '-1' into text field '//input[@id='dt_barrier_1_input']'.</msg>
<status status="PASS" starttime="20220923 01:29:16.631" endtime="20220923 01:29:16.890"/>
</kw>
<status status="PASS" starttime="20220923 01:29:16.119" endtime="20220923 01:29:16.890"/>
</test>
<test id="s1-t10" name="Change Payout to 10 USD" line="45">
<kw name="Press Keys" library="SeleniumLibrary">
<arg>//input[@id='dt_amount_input']</arg>
<arg>CTRL+a+DELETE</arg>
<doc>Simulates the user pressing key(s) to an element or on the active browser.</doc>
<msg timestamp="20220923 01:29:16.891" level="INFO">Sending key(s) ('CTRL+a+DELETE',) to //input[@id='dt_amount_input'] element.</msg>
<msg timestamp="20220923 01:29:17.585" level="INFO">Pressing special key CONTROL down.</msg>
<msg timestamp="20220923 01:29:17.585" level="INFO">Sending key a</msg>
<msg timestamp="20220923 01:29:17.585" level="INFO">Pressing special key DELETE down.</msg>
<msg timestamp="20220923 01:29:17.585" level="INFO">Releasing special key CONTROL.</msg>
<msg timestamp="20220923 01:29:17.585" level="INFO">Releasing special key DELETE.</msg>
<status status="PASS" starttime="20220923 01:29:16.891" endtime="20220923 01:29:17.846"/>
</kw>
<kw name="Input Text" library="SeleniumLibrary">
<arg>//input[@id='dt_amount_input']</arg>
<arg>${purchase_amount}</arg>
<doc>Types the given ``text`` into the text field identified by ``locator``.</doc>
<msg timestamp="20220923 01:29:17.847" level="INFO">Typing text '10' into text field '//input[@id='dt_amount_input']'.</msg>
<status status="PASS" starttime="20220923 01:29:17.847" endtime="20220923 01:29:18.106"/>
</kw>
<status status="PASS" starttime="20220923 01:29:16.891" endtime="20220923 01:29:18.107"/>
</test>
<test id="s1-t11" name="Validate Barrier Error Tooltip" line="49">
<kw name="Wait Until Page Contains Element" library="SeleniumLibrary">
<arg>//input[@data-for='error_tooltip_barrier_1']</arg>
<arg>30</arg>
<doc>Waits until the element ``locator`` appears on the current page.</doc>
<status status="PASS" starttime="20220923 01:29:18.108" endtime="20220923 01:29:18.179"/>
</kw>
<kw name="Page Should Contain Element" library="SeleniumLibrary">
<arg>//input[@data-for='error_tooltip_barrier_1']</arg>
<doc>Verifies that element ``locator`` is found on the current page.</doc>
<msg timestamp="20220923 01:29:18.235" level="INFO">Current page contains element '//input[@data-for='error_tooltip_barrier_1']'.</msg>
<status status="PASS" starttime="20220923 01:29:18.180" endtime="20220923 01:29:18.235"/>
</kw>
<status status="PASS" starttime="20220923 01:29:18.108" endtime="20220923 01:29:18.235"/>
</test>
<test id="s1-t12" name="Validate Higher/Lower Error Tooltip" line="53">
<kw name="Wait Until Page Contains Element" library="SeleniumLibrary">
<arg>//div[@class='dc-popover__bubble dc-popover__bubble--error']</arg>
<arg>30</arg>
<doc>Waits until the element ``locator`` appears on the current page.</doc>
<status status="PASS" starttime="20220923 01:29:18.237" endtime="20220923 01:29:19.173"/>
</kw>
<kw name="Page Should Contain Element" library="SeleniumLibrary">
<arg>//div[@class='dc-popover__bubble dc-popover__bubble--error']</arg>
<doc>Verifies that element ``locator`` is found on the current page.</doc>
<msg timestamp="20220923 01:29:19.237" level="INFO">Current page contains element '//div[@class='dc-popover__bubble dc-popover__bubble--error']'.</msg>
<status status="PASS" starttime="20220923 01:29:19.173" endtime="20220923 01:29:19.238"/>
</kw>
<status status="PASS" starttime="20220923 01:29:18.236" endtime="20220923 01:29:19.238"/>
</test>
<test id="s1-t13" name="Validate Disabled Higher Button" line="57">
<kw name="Element Should Be Disabled" library="SeleniumLibrary">
<arg>dt_purchase_call_button</arg>
<doc>Verifies that element identified by ``locator`` is disabled.</doc>
<status status="PASS" starttime="20220923 01:29:19.238" endtime="20220923 01:29:19.361"/>
</kw>
<status status="PASS" starttime="20220923 01:29:19.238" endtime="20220923 01:29:19.362"/>
</test>
<test id="s1-t14" name="Validate Disabled Lower Button" line="60">
<kw name="Element Should Be Disabled" library="SeleniumLibrary">
<arg>dt_purchase_put_button</arg>
<doc>Verifies that element identified by ``locator`` is disabled.</doc>
<status status="PASS" starttime="20220923 01:29:19.363" endtime="20220923 01:29:19.499"/>
</kw>
<status status="PASS" starttime="20220923 01:29:19.362" endtime="20220923 01:29:19.500"/>
</test>
<status status="PASS" starttime="20220923 01:28:50.374" endtime="20220923 01:29:19.501"/>
</suite>
<statistics>
<total>
<stat pass="14" fail="0" skip="0">All Tests</stat>
</total>
<tag>
</tag>
<suite>
<stat pass="14" fail="0" skip="0" id="s1" name="Test-Barrier-Error">Test-Barrier-Error</stat>
</suite>
</statistics>
<errors>
</errors>
</robot>
