<?xml version="1.0" encoding="UTF-8"?>
<robot generator="Robot 5.0.1 (Python 3.8.10 on linux)" generated="20220922 10:16:35.114" rpa="false" schemaversion="3">
<suite id="s1" name="Test-Barrier-Error" source="/home/tan/Desktop/QA/robot/robot-assigment/Assignment-4/test-barrier-error.robot">
<test id="s1-t1" name="Login To Deriv" line="14">
<kw name="Login To Deriv Key" library="keywords-login">
<kw name="Open Browser" library="SeleniumLibrary">
<arg>https://app.deriv.com/</arg>
<arg>chrome</arg>
<doc>Opens a new browser instance to the optional ``url``.</doc>
<msg timestamp="20220922 10:16:35.228" level="INFO">Opening browser 'chrome' to base url 'https://app.deriv.com/'.</msg>
<status status="PASS" starttime="20220922 10:16:35.228" endtime="20220922 10:17:44.087"/>
</kw>
<kw name="Maximize Browser Window" library="SeleniumLibrary">
<doc>Maximizes current browser window.</doc>
<status status="PASS" starttime="20220922 10:17:44.088" endtime="20220922 10:17:44.338"/>
</kw>
<kw name="Set Selenium Speed" library="SeleniumLibrary">
<arg>0.05</arg>
<doc>Sets the delay that is waited after each Selenium command.</doc>
<status status="PASS" starttime="20220922 10:17:44.339" endtime="20220922 10:17:44.339"/>
</kw>
<kw name="Wait Until Page Does Not Contain Element" library="SeleniumLibrary">
<arg>${loading_interface}</arg>
<arg>30</arg>
<doc>Waits until the element ``locator`` disappears from the current page.</doc>
<status status="PASS" starttime="20220922 10:17:44.340" endtime="20220922 10:17:44.633"/>
</kw>
<kw name="Click Element" library="SeleniumLibrary">
<arg>${login_button}</arg>
<doc>Click the element identified by ``locator``.</doc>
<msg timestamp="20220922 10:17:44.634" level="INFO">Clicking element '//button[@id='dt_login_button']'.</msg>
<status status="PASS" starttime="20220922 10:17:44.634" endtime="20220922 10:17:47.488"/>
</kw>
<kw name="Wait Until Page Contains Element" library="SeleniumLibrary">
<arg>${email_input}</arg>
<arg>30</arg>
<doc>Waits until the element ``locator`` appears on the current page.</doc>
<status status="PASS" starttime="20220922 10:17:47.488" endtime="20220922 10:17:47.557"/>
</kw>
<kw name="Input Text" library="SeleniumLibrary">
<arg>${email_input}</arg>
<arg>weng.onn@besquare.com.my</arg>
<doc>Types the given ``text`` into the text field identified by ``locator``.</doc>
<msg timestamp="20220922 10:17:47.558" level="INFO">Typing text 'weng.onn@besquare.com.my' into text field '//input[@type='email']'.</msg>
<status status="PASS" starttime="20220922 10:17:47.557" endtime="20220922 10:17:47.804"/>
</kw>
<kw name="Input Text" library="SeleniumLibrary">
<arg>//input[@type='password']</arg>
<arg>Test12345</arg>
<doc>Types the given ``text`` into the text field identified by ``locator``.</doc>
<msg timestamp="20220922 10:17:47.804" level="INFO">Typing text 'Test12345' into text field '//input[@type='password']'.</msg>
<status status="PASS" starttime="20220922 10:17:47.804" endtime="20220922 10:17:48.071"/>
</kw>
<kw name="Click Element" library="SeleniumLibrary">
<arg>//button[@type='submit']</arg>
<doc>Click the element identified by ``locator``.</doc>
<msg timestamp="20220922 10:17:48.072" level="INFO">Clicking element '//button[@type='submit']'.</msg>
<status status="PASS" starttime="20220922 10:17:48.071" endtime="20220922 10:17:51.958"/>
</kw>
<status status="PASS" starttime="20220922 10:16:35.227" endtime="20220922 10:17:51.958"/>
</kw>
<status status="PASS" starttime="20220922 10:16:35.227" endtime="20220922 10:17:51.958"/>
</test>
<test id="s1-t2" name="Validate Real Account" line="17">
<kw name="Validate Real Account Key" library="keywords-login">
<kw name="Wait Until Page Does Not Contain Element" library="SeleniumLibrary">
<arg>${loading_interface}</arg>
<arg>30</arg>
<doc>Waits until the element ``locator`` disappears from the current page.</doc>
<status status="PASS" starttime="20220922 10:17:51.961" endtime="20220922 10:17:53.955"/>
</kw>
<kw name="Click Element" library="SeleniumLibrary">
<arg>dt_core_account-info_acc-info</arg>
<doc>Click the element identified by ``locator``.</doc>
<msg timestamp="20220922 10:17:53.956" level="INFO">Clicking element 'dt_core_account-info_acc-info'.</msg>
<status status="PASS" starttime="20220922 10:17:53.955" endtime="20220922 10:17:54.155"/>
</kw>
<kw name="Page Should Contain Element" library="SeleniumLibrary">
<arg>//div[contains(@id,"dt_CR")]</arg>
<doc>Verifies that element ``locator`` is found on the current page.</doc>
<msg timestamp="20220922 10:17:54.247" level="INFO">Current page contains element '//div[contains(@id,"dt_CR")]'.</msg>
<status status="PASS" starttime="20220922 10:17:54.155" endtime="20220922 10:17:54.247"/>
</kw>
<status status="PASS" starttime="20220922 10:17:51.960" endtime="20220922 10:17:54.247"/>
</kw>
<status status="PASS" starttime="20220922 10:17:51.959" endtime="20220922 10:17:54.247"/>
</test>
<test id="s1-t3" name="Navigate To Virtual Account" line="20">
<kw name="Navigate To Virtual Account Key" library="keywords-login">
<kw name="Click Element" library="SeleniumLibrary">
<arg>dt_core_account-switcher_demo-tab</arg>
<doc>Click the element identified by ``locator``.</doc>
<msg timestamp="20220922 10:17:54.248" level="INFO">Clicking element 'dt_core_account-switcher_demo-tab'.</msg>
<status status="PASS" starttime="20220922 10:17:54.248" endtime="20220922 10:17:54.557"/>
</kw>
<kw name="Page Should Contain Element" library="SeleniumLibrary">
<arg>//div[contains(@id,"dt_VR")]</arg>
<doc>Verifies that element ``locator`` is found on the current page.</doc>
<msg timestamp="20220922 10:17:54.640" level="INFO">Current page contains element '//div[contains(@id,"dt_VR")]'.</msg>
<status status="PASS" starttime="20220922 10:17:54.558" endtime="20220922 10:17:54.640"/>
</kw>
<kw name="Click Element" library="SeleniumLibrary">
<arg>//div[contains(@id,"dt_VR")]</arg>
<doc>Click the element identified by ``locator``.</doc>
<msg timestamp="20220922 10:17:54.641" level="INFO">Clicking element '//div[contains(@id,"dt_VR")]'.</msg>
<status status="PASS" starttime="20220922 10:17:54.641" endtime="20220922 10:17:54.920"/>
</kw>
<kw name="Wait Until Page Does Not Contain Element" library="SeleniumLibrary">
<arg>${loading_interface}</arg>
<arg>30</arg>
<doc>Waits until the element ``locator`` disappears from the current page.</doc>
<status status="PASS" starttime="20220922 10:17:54.920" endtime="20220922 10:18:01.119"/>
</kw>
<status status="PASS" starttime="20220922 10:17:54.248" endtime="20220922 10:18:01.120"/>
</kw>
<status status="PASS" starttime="20220922 10:17:54.247" endtime="20220922 10:18:01.120"/>
</test>
<test id="s1-t4" name="Navigate To Volatility 10" line="23">
<kw name="Open Market Type Dropdown" library="keywords-contract-config">
<kw name="Click Element" library="SeleniumLibrary">
<arg>//div[@class="cq-symbol-select-btn"]</arg>
<doc>Click the element identified by ``locator``.</doc>
<msg timestamp="20220922 10:18:01.123" level="INFO">Clicking element '//div[@class="cq-symbol-select-btn"]'.</msg>
<status status="PASS" starttime="20220922 10:18:01.122" endtime="20220922 10:18:01.425"/>
</kw>
<kw name="Wait Until Page Contains Element" library="SeleniumLibrary">
<arg>//div[@class='sc-mcd__filter__item sc-mcd__filter__item--selected']</arg>
<arg>30</arg>
<doc>Waits until the element ``locator`` appears on the current page.</doc>
<status status="PASS" starttime="20220922 10:18:01.425" endtime="20220922 10:18:01.757"/>
</kw>
<status status="PASS" starttime="20220922 10:18:01.122" endtime="20220922 10:18:01.757"/>
</kw>
<kw name="Click Element" library="SeleniumLibrary">
<arg>//div[contains(@class,'--frxAUDJPY')]</arg>
<doc>Click the element identified by ``locator``.</doc>
<msg timestamp="20220922 10:18:01.758" level="INFO">Clicking element '//div[contains(@class,'--frxAUDJPY')]'.</msg>
<status status="PASS" starttime="20220922 10:18:01.758" endtime="20220922 10:18:01.982"/>
</kw>
<status status="PASS" starttime="20220922 10:18:01.121" endtime="20220922 10:18:01.983"/>
</test>
<test id="s1-t5" name="Change Trade Type" line="27">
<kw name="Open Trade Type Dropdown" library="keywords-contract-config">
<kw name="Wait Until Page Contains Element" library="SeleniumLibrary">
<arg>${dt_contract_dropdown}</arg>
<arg>30</arg>
<doc>Waits until the element ``locator`` appears on the current page.</doc>
<status status="PASS" starttime="20220922 10:18:01.984" endtime="20220922 10:18:02.544"/>
</kw>
<kw name="Click Element" library="SeleniumLibrary">
<arg>${dt_contract_dropdown}</arg>
<doc>Click the element identified by ``locator``.</doc>
<msg timestamp="20220922 10:18:02.544" level="INFO">Clicking element '//div[@data-testid='dt_contract_dropdown']'.</msg>
<status status="PASS" starttime="20220922 10:18:02.544" endtime="20220922 10:18:02.714"/>
</kw>
<status status="PASS" starttime="20220922 10:18:01.984" endtime="20220922 10:18:02.714"/>
</kw>
<kw name="Click Element" library="SeleniumLibrary">
<arg>dt_contract_high_low_item</arg>
<doc>Click the element identified by ``locator``.</doc>
<msg timestamp="20220922 10:18:02.715" level="INFO">Clicking element 'dt_contract_high_low_item'.</msg>
<status status="PASS" starttime="20220922 10:18:02.714" endtime="20220922 10:18:03.078"/>
</kw>
<status status="PASS" starttime="20220922 10:18:01.983" endtime="20220922 10:18:03.079"/>
</test>
<test id="s1-t6" name="Change Duration Type" line="31">
<kw name="Click Element" library="SeleniumLibrary">
<arg>//button[@id='dc_duration_toggle_item']</arg>
<doc>Click the element identified by ``locator``.</doc>
<msg timestamp="20220922 10:18:03.082" level="INFO">Clicking element '//button[@id='dc_duration_toggle_item']'.</msg>
<status status="PASS" starttime="20220922 10:18:03.080" endtime="20220922 10:18:03.299"/>
</kw>
<status status="PASS" starttime="20220922 10:18:03.079" endtime="20220922 10:18:03.300"/>
</test>
<test id="s1-t7" name="Change Duration Days" line="34">
<kw name="Press Keys" library="SeleniumLibrary">
<arg>//input[@class='dc-input__field']</arg>
<arg>CTRL+a+DELETE</arg>
<doc>Simulates the user pressing key(s) to an element or on the active browser.</doc>
<msg timestamp="20220922 10:18:03.302" level="INFO">Sending key(s) ('CTRL+a+DELETE',) to //input[@class='dc-input__field'] element.</msg>
<msg timestamp="20220922 10:18:03.746" level="INFO">Pressing special key CONTROL down.</msg>
<msg timestamp="20220922 10:18:03.746" level="INFO">Sending key a</msg>
<msg timestamp="20220922 10:18:03.746" level="INFO">Pressing special key DELETE down.</msg>
<msg timestamp="20220922 10:18:03.746" level="INFO">Releasing special key CONTROL.</msg>
<msg timestamp="20220922 10:18:03.746" level="INFO">Releasing special key DELETE.</msg>
<status status="PASS" starttime="20220922 10:18:03.301" endtime="20220922 10:18:04.312"/>
</kw>
<kw name="Input Text" library="SeleniumLibrary">
<arg>//input[@class='dc-input__field']</arg>
<arg>${duration}</arg>
<doc>Types the given ``text`` into the text field identified by ``locator``.</doc>
<msg timestamp="20220922 10:18:04.313" level="INFO">Typing text '4' into text field '//input[@class='dc-input__field']'.</msg>
<status status="PASS" starttime="20220922 10:18:04.312" endtime="20220922 10:18:04.585"/>
</kw>
<status status="PASS" starttime="20220922 10:18:03.301" endtime="20220922 10:18:04.585"/>
</test>
<test id="s1-t8" name="Change To Payout" line="38">
<kw name="Click Button" library="SeleniumLibrary">
<arg>dc_payout_toggle_item</arg>
<doc>Clicks the button identified by ``locator``.</doc>
<msg timestamp="20220922 10:18:04.588" level="INFO">Clicking button 'dc_payout_toggle_item'.</msg>
<status status="PASS" starttime="20220922 10:18:04.587" endtime="20220922 10:18:04.894"/>
</kw>
<status status="PASS" starttime="20220922 10:18:04.586" endtime="20220922 10:18:04.894"/>
</test>
<test id="s1-t9" name="Change Barrier to -1" line="41">
<kw name="Press Keys" library="SeleniumLibrary">
<arg>//input[@id='dt_barrier_1_input']</arg>
<arg>CTRL+a+DELETE</arg>
<doc>Simulates the user pressing key(s) to an element or on the active browser.</doc>
<msg timestamp="20220922 10:18:04.896" level="INFO">Sending key(s) ('CTRL+a+DELETE',) to //input[@id='dt_barrier_1_input'] element.</msg>
<msg timestamp="20220922 10:18:05.479" level="INFO">Pressing special key CONTROL down.</msg>
<msg timestamp="20220922 10:18:05.479" level="INFO">Sending key a</msg>
<msg timestamp="20220922 10:18:05.479" level="INFO">Pressing special key DELETE down.</msg>
<msg timestamp="20220922 10:18:05.479" level="INFO">Releasing special key CONTROL.</msg>
<msg timestamp="20220922 10:18:05.479" level="INFO">Releasing special key DELETE.</msg>
<status status="PASS" starttime="20220922 10:18:04.896" endtime="20220922 10:18:05.564"/>
</kw>
<kw name="Input Text" library="SeleniumLibrary">
<arg>//input[@id='dt_barrier_1_input']</arg>
<arg>${barrier_value}</arg>
<doc>Types the given ``text`` into the text field identified by ``locator``.</doc>
<msg timestamp="20220922 10:18:05.565" level="INFO">Typing text '-1' into text field '//input[@id='dt_barrier_1_input']'.</msg>
<status status="PASS" starttime="20220922 10:18:05.564" endtime="20220922 10:18:06.012"/>
</kw>
<status status="PASS" starttime="20220922 10:18:04.895" endtime="20220922 10:18:06.013"/>
</test>
<test id="s1-t10" name="Change Payout to 10 USD" line="45">
<kw name="Press Keys" library="SeleniumLibrary">
<arg>//input[@id='dt_amount_input']</arg>
<arg>CTRL+a+DELETE</arg>
<doc>Simulates the user pressing key(s) to an element or on the active browser.</doc>
<msg timestamp="20220922 10:18:06.014" level="INFO">Sending key(s) ('CTRL+a+DELETE',) to //input[@id='dt_amount_input'] element.</msg>
<msg timestamp="20220922 10:18:06.455" level="INFO">Pressing special key CONTROL down.</msg>
<msg timestamp="20220922 10:18:06.455" level="INFO">Sending key a</msg>
<msg timestamp="20220922 10:18:06.455" level="INFO">Pressing special key DELETE down.</msg>
<msg timestamp="20220922 10:18:06.455" level="INFO">Releasing special key CONTROL.</msg>
<msg timestamp="20220922 10:18:06.455" level="INFO">Releasing special key DELETE.</msg>
<status status="PASS" starttime="20220922 10:18:06.014" endtime="20220922 10:18:06.584"/>
</kw>
<kw name="Input Text" library="SeleniumLibrary">
<arg>//input[@id='dt_amount_input']</arg>
<arg>${purchase_amount}</arg>
<doc>Types the given ``text`` into the text field identified by ``locator``.</doc>
<msg timestamp="20220922 10:18:06.585" level="INFO">Typing text '10' into text field '//input[@id='dt_amount_input']'.</msg>
<status status="PASS" starttime="20220922 10:18:06.584" endtime="20220922 10:18:07.053"/>
</kw>
<status status="PASS" starttime="20220922 10:18:06.013" endtime="20220922 10:18:07.054"/>
</test>
<test id="s1-t11" name="Validate Barrier Error Tooltip" line="49">
<kw name="Wait Until Page Contains Element" library="SeleniumLibrary">
<arg>//input[@data-for='error_tooltip_barrier_1']</arg>
<arg>30</arg>
<doc>Waits until the element ``locator`` appears on the current page.</doc>
<status status="PASS" starttime="20220922 10:18:07.056" endtime="20220922 10:18:07.129"/>
</kw>
<kw name="Page Should Contain Element" library="SeleniumLibrary">
<arg>//input[@data-for='error_tooltip_barrier_1']</arg>
<doc>Verifies that element ``locator`` is found on the current page.</doc>
<msg timestamp="20220922 10:18:07.189" level="INFO">Current page contains element '//input[@data-for='error_tooltip_barrier_1']'.</msg>
<status status="PASS" starttime="20220922 10:18:07.130" endtime="20220922 10:18:07.189"/>
</kw>
<status status="PASS" starttime="20220922 10:18:07.055" endtime="20220922 10:18:07.189"/>
</test>
<test id="s1-t12" name="Validate Higher/Lower Error Tooltip" line="53">
<kw name="Wait Until Page Contains Element" library="SeleniumLibrary">
<arg>//div[@class='dc-popover__bubble dc-popover__bubble--error']</arg>
<arg>30</arg>
<doc>Waits until the element ``locator`` appears on the current page.</doc>
<status status="PASS" starttime="20220922 10:18:07.190" endtime="20220922 10:18:08.134"/>
</kw>
<kw name="Page Should Contain Element" library="SeleniumLibrary">
<arg>//div[@class='dc-popover__bubble dc-popover__bubble--error']</arg>
<doc>Verifies that element ``locator`` is found on the current page.</doc>
<msg timestamp="20220922 10:18:08.196" level="INFO">Current page contains element '//div[@class='dc-popover__bubble dc-popover__bubble--error']'.</msg>
<status status="PASS" starttime="20220922 10:18:08.135" endtime="20220922 10:18:08.196"/>
</kw>
<status status="PASS" starttime="20220922 10:18:07.190" endtime="20220922 10:18:08.197"/>
</test>
<test id="s1-t13" name="Validate Disabled Higher Button" line="57">
<kw name="Element Should Be Disabled" library="SeleniumLibrary">
<arg>dt_purchase_call_button</arg>
<doc>Verifies that element identified by ``locator`` is disabled.</doc>
<status status="PASS" starttime="20220922 10:18:08.198" endtime="20220922 10:18:08.340"/>
</kw>
<status status="PASS" starttime="20220922 10:18:08.197" endtime="20220922 10:18:08.340"/>
</test>
<test id="s1-t14" name="Validate Disabled Lower Button" line="60">
<kw name="Element Should Be Disabled" library="SeleniumLibrary">
<arg>dt_purchase_put_button</arg>
<doc>Verifies that element identified by ``locator`` is disabled.</doc>
<status status="PASS" starttime="20220922 10:18:08.341" endtime="20220922 10:18:08.463"/>
</kw>
<status status="PASS" starttime="20220922 10:18:08.341" endtime="20220922 10:18:08.464"/>
</test>
<status status="PASS" starttime="20220922 10:16:35.115" endtime="20220922 10:18:08.465"/>
</suite>
<statistics>
<total>
<stat pass="14" fail="0" skip="0">All Tests</stat>
</total>
<tag>
</tag>
<suite>
<stat pass="14" fail="0" skip="0" id="s1" name="Test-Barrier-Error">Test-Barrier-Error</stat>
</suite>
</statistics>
<errors>
</errors>
</robot>
